  MMult1.c
  MMult_1x4_5.c
e:\workspace2\vs2017\gemm\view\src\mmult_1x4_5.c(11): error C2055: 应输入形参表，而不是类型表
e:\workspace2\vs2017\gemm\view\src\mmult_1x4_5.c(14): error C2085: “MY_MMult”: 不在形参表中
e:\workspace2\vs2017\gemm\view\src\mmult_1x4_5.c(14): error C2143: 语法错误: 缺少“;”(在“{”的前面)
e:\workspace2\vs2017\gemm\view\src\mmult_1x4_5.c(17): error C2065: “n”: 未声明的标识符
e:\workspace2\vs2017\gemm\view\src\mmult_1x4_5.c(18): error C2065: “m”: 未声明的标识符
e:\workspace2\vs2017\gemm\view\src\mmult_1x4_5.c(22): error C2065: “k”: 未声明的标识符
e:\workspace2\vs2017\gemm\view\src\mmult_1x4_5.c(22): error C2065: “a”: 未声明的标识符
e:\workspace2\vs2017\gemm\view\src\mmult_1x4_5.c(22): error C2065: “lda”: 未声明的标识符
e:\workspace2\vs2017\gemm\view\src\mmult_1x4_5.c(22): error C2109: 下标要求数组或指针类型
e:\workspace2\vs2017\gemm\view\src\mmult_1x4_5.c(22): warning C4047: “函数”:“double *”与“int”的间接级别不同
e:\workspace2\vs2017\gemm\view\src\mmult_1x4_5.c(22): warning C4024: “AddDot1x4”: 形参和实参 2 的类型不同
e:\workspace2\vs2017\gemm\view\src\mmult_1x4_5.c(22): error C2065: “b”: 未声明的标识符
e:\workspace2\vs2017\gemm\view\src\mmult_1x4_5.c(22): error C2065: “ldb”: 未声明的标识符
e:\workspace2\vs2017\gemm\view\src\mmult_1x4_5.c(22): error C2065: “c”: 未声明的标识符
e:\workspace2\vs2017\gemm\view\src\mmult_1x4_5.c(22): error C2065: “ldc”: 未声明的标识符
e:\workspace2\vs2017\gemm\view\src\mmult_1x4_5.c(22): warning C4024: “AddDot1x4”: 形参和实参 4 的类型不同
e:\workspace2\vs2017\gemm\view\src\mmult_1x4_5.c(22): error C2198: “AddDot1x4”: 用于调用的参数太少
e:\workspace2\vs2017\gemm\view\src\mmult_1x4_5.c(29): error C2084: 函数“void AddDot1x4(int,double *,int,double *,int,double *,int)”已有主体
  e:\workspace2\vs2017\gemm\view\src\mmult_1x4_5.c(9): note: 参见“AddDot1x4”的前一个定义
  MMult_1x4_6.c
  MMult_1x4_7.c
  MMult_1x4_8.c
  MMult_1x4_9.c
e:\workspace2\vs2017\gemm\view\src\mmult_1x4_9.c(11): error C2055: 应输入形参表，而不是类型表
e:\workspace2\vs2017\gemm\view\src\mmult_1x4_9.c(14): error C2085: “MY_MMult”: 不在形参表中
e:\workspace2\vs2017\gemm\view\src\mmult_1x4_9.c(14): error C2143: 语法错误: 缺少“;”(在“{”的前面)
e:\workspace2\vs2017\gemm\view\src\mmult_1x4_9.c(17): error C2065: “n”: 未声明的标识符
e:\workspace2\vs2017\gemm\view\src\mmult_1x4_9.c(18): error C2065: “m”: 未声明的标识符
e:\workspace2\vs2017\gemm\view\src\mmult_1x4_9.c(22): error C2065: “k”: 未声明的标识符
e:\workspace2\vs2017\gemm\view\src\mmult_1x4_9.c(22): error C2065: “a”: 未声明的标识符
e:\workspace2\vs2017\gemm\view\src\mmult_1x4_9.c(22): error C2065: “lda”: 未声明的标识符
e:\workspace2\vs2017\gemm\view\src\mmult_1x4_9.c(22): error C2109: 下标要求数组或指针类型
e:\workspace2\vs2017\gemm\view\src\mmult_1x4_9.c(22): warning C4047: “函数”:“double *”与“int”的间接级别不同
e:\workspace2\vs2017\gemm\view\src\mmult_1x4_9.c(22): warning C4024: “AddDot1x4”: 形参和实参 2 的类型不同
e:\workspace2\vs2017\gemm\view\src\mmult_1x4_9.c(22): error C2065: “b”: 未声明的标识符
e:\workspace2\vs2017\gemm\view\src\mmult_1x4_9.c(22): error C2065: “ldb”: 未声明的标识符
e:\workspace2\vs2017\gemm\view\src\mmult_1x4_9.c(22): error C2065: “c”: 未声明的标识符
e:\workspace2\vs2017\gemm\view\src\mmult_1x4_9.c(22): error C2065: “ldc”: 未声明的标识符
e:\workspace2\vs2017\gemm\view\src\mmult_1x4_9.c(22): warning C4024: “AddDot1x4”: 形参和实参 4 的类型不同
e:\workspace2\vs2017\gemm\view\src\mmult_1x4_9.c(22): error C2198: “AddDot1x4”: 用于调用的参数太少
e:\workspace2\vs2017\gemm\view\src\mmult_1x4_9.c(29): error C2084: 函数“void AddDot1x4(int,double *,int,double *,int,double *,int)”已有主体
  e:\workspace2\vs2017\gemm\view\src\mmult_1x4_9.c(9): note: 参见“AddDot1x4”的前一个定义
  MMult_4x4_10.c
e:\workspace2\vs2017\gemm\view\src\mmult_4x4_10.c(97): error C2088: “*”: 对于 struct 非法
e:\workspace2\vs2017\gemm\view\src\mmult_4x4_10.c(98): error C2088: “*”: 对于 struct 非法
e:\workspace2\vs2017\gemm\view\src\mmult_4x4_10.c(99): error C2088: “*”: 对于 struct 非法
e:\workspace2\vs2017\gemm\view\src\mmult_4x4_10.c(100): error C2088: “*”: 对于 struct 非法
e:\workspace2\vs2017\gemm\view\src\mmult_4x4_10.c(103): error C2088: “*”: 对于 struct 非法
e:\workspace2\vs2017\gemm\view\src\mmult_4x4_10.c(104): error C2088: “*”: 对于 struct 非法
e:\workspace2\vs2017\gemm\view\src\mmult_4x4_10.c(105): error C2088: “*”: 对于 struct 非法
e:\workspace2\vs2017\gemm\view\src\mmult_4x4_10.c(106): error C2088: “*”: 对于 struct 非法
  MMult_4x4_11.c
e:\workspace2\vs2017\gemm\view\src\mmult_4x4_11.c(30): warning C4013: “InnerKernel”未定义；假设外部返回 int
e:\workspace2\vs2017\gemm\view\src\mmult_4x4_11.c(22): warning C4101: “j”: 未引用的局部变量
e:\workspace2\vs2017\gemm\view\src\mmult_4x4_11.c(35): error C2371: “InnerKernel”: 重定义；不同的基类型
e:\workspace2\vs2017\gemm\view\src\mmult_4x4_11.c(119): error C2088: “*”: 对于 struct 非法
e:\workspace2\vs2017\gemm\view\src\mmult_4x4_11.c(120): error C2088: “*”: 对于 struct 非法
e:\workspace2\vs2017\gemm\view\src\mmult_4x4_11.c(121): error C2088: “*”: 对于 struct 非法
e:\workspace2\vs2017\gemm\view\src\mmult_4x4_11.c(122): error C2088: “*”: 对于 struct 非法
e:\workspace2\vs2017\gemm\view\src\mmult_4x4_11.c(125): error C2088: “*”: 对于 struct 非法
e:\workspace2\vs2017\gemm\view\src\mmult_4x4_11.c(126): error C2088: “*”: 对于 struct 非法
e:\workspace2\vs2017\gemm\view\src\mmult_4x4_11.c(127): error C2088: “*”: 对于 struct 非法
e:\workspace2\vs2017\gemm\view\src\mmult_4x4_11.c(128): error C2088: “*”: 对于 struct 非法
  MMult_4x4_12.c
e:\workspace2\vs2017\gemm\view\src\mmult_4x4_12.c(31): warning C4013: “InnerKernel”未定义；假设外部返回 int
e:\workspace2\vs2017\gemm\view\src\mmult_4x4_12.c(36): error C2371: “InnerKernel”: 重定义；不同的基类型
e:\workspace2\vs2017\gemm\view\src\mmult_4x4_12.c(42): error C2057: 应输入常量表达式
e:\workspace2\vs2017\gemm\view\src\mmult_4x4_12.c(42): error C2466: 不能分配常量大小为 0 的数组
e:\workspace2\vs2017\gemm\view\src\mmult_4x4_12.c(42): error C2133: “packedA”: 未知的大小
e:\workspace2\vs2017\gemm\view\src\mmult_4x4_12.c(137): error C2088: “*”: 对于 struct 非法
e:\workspace2\vs2017\gemm\view\src\mmult_4x4_12.c(138): error C2088: “*”: 对于 struct 非法
e:\workspace2\vs2017\gemm\view\src\mmult_4x4_12.c(139): error C2088: “*”: 对于 struct 非法
e:\workspace2\vs2017\gemm\view\src\mmult_4x4_12.c(140): error C2088: “*”: 对于 struct 非法
e:\workspace2\vs2017\gemm\view\src\mmult_4x4_12.c(143): error C2088: “*”: 对于 struct 非法
e:\workspace2\vs2017\gemm\view\src\mmult_4x4_12.c(144): error C2088: “*”: 对于 struct 非法
e:\workspace2\vs2017\gemm\view\src\mmult_4x4_12.c(145): error C2088: “*”: 对于 struct 非法
e:\workspace2\vs2017\gemm\view\src\mmult_4x4_12.c(146): error C2088: “*”: 对于 struct 非法
  MMult_4x4_13.c
e:\workspace2\vs2017\gemm\view\src\mmult_4x4_13.c(31): warning C4013: “InnerKernel”未定义；假设外部返回 int
e:\workspace2\vs2017\gemm\view\src\mmult_4x4_13.c(36): error C2371: “InnerKernel”: 重定义；不同的基类型
e:\workspace2\vs2017\gemm\view\src\mmult_4x4_13.c(42): error C2057: 应输入常量表达式
e:\workspace2\vs2017\gemm\view\src\mmult_4x4_13.c(42): error C2466: 不能分配常量大小为 0 的数组
e:\workspace2\vs2017\gemm\view\src\mmult_4x4_13.c(42): error C2133: “packedA”: 未知的大小
e:\workspace2\vs2017\gemm\view\src\mmult_4x4_13.c(138): error C2088: “*”: 对于 struct 非法
e:\workspace2\vs2017\gemm\view\src\mmult_4x4_13.c(139): error C2088: “*”: 对于 struct 非法
e:\workspace2\vs2017\gemm\view\src\mmult_4x4_13.c(140): error C2088: “*”: 对于 struct 非法
e:\workspace2\vs2017\gemm\view\src\mmult_4x4_13.c(141): error C2088: “*”: 对于 struct 非法
e:\workspace2\vs2017\gemm\view\src\mmult_4x4_13.c(144): error C2088: “*”: 对于 struct 非法
e:\workspace2\vs2017\gemm\view\src\mmult_4x4_13.c(145): error C2088: “*”: 对于 struct 非法
e:\workspace2\vs2017\gemm\view\src\mmult_4x4_13.c(146): error C2088: “*”: 对于 struct 非法
e:\workspace2\vs2017\gemm\view\src\mmult_4x4_13.c(147): error C2088: “*”: 对于 struct 非法
  MMult_4x4_14.c
e:\workspace2\vs2017\gemm\view\src\mmult_4x4_14.c(43): error C2057: 应输入常量表达式
e:\workspace2\vs2017\gemm\view\src\mmult_4x4_14.c(43): error C2466: 不能分配常量大小为 0 的数组
e:\workspace2\vs2017\gemm\view\src\mmult_4x4_14.c(43): error C2133: “packedA”: 未知的大小
e:\workspace2\vs2017\gemm\view\src\mmult_4x4_14.c(43): error C2133: “packedB”: 未知的大小
e:\workspace2\vs2017\gemm\view\src\mmult_4x4_14.c(151): error C2088: “*”: 对于 struct 非法
e:\workspace2\vs2017\gemm\view\src\mmult_4x4_14.c(152): error C2088: “*”: 对于 struct 非法
e:\workspace2\vs2017\gemm\view\src\mmult_4x4_14.c(153): error C2088: “*”: 对于 struct 非法
e:\workspace2\vs2017\gemm\view\src\mmult_4x4_14.c(154): error C2088: “*”: 对于 struct 非法
e:\workspace2\vs2017\gemm\view\src\mmult_4x4_14.c(157): error C2088: “*”: 对于 struct 非法
e:\workspace2\vs2017\gemm\view\src\mmult_4x4_14.c(158): error C2088: “*”: 对于 struct 非法
e:\workspace2\vs2017\gemm\view\src\mmult_4x4_14.c(159): error C2088: “*”: 对于 struct 非法
e:\workspace2\vs2017\gemm\view\src\mmult_4x4_14.c(160): error C2088: “*”: 对于 struct 非法
  MMult_4x4_15.c
e:\workspace2\vs2017\gemm\view\src\mmult_4x4_15.c(44): error C2057: 应输入常量表达式
e:\workspace2\vs2017\gemm\view\src\mmult_4x4_15.c(44): error C2466: 不能分配常量大小为 0 的数组
e:\workspace2\vs2017\gemm\view\src\mmult_4x4_15.c(44): error C2133: “packedA”: 未知的大小
e:\workspace2\vs2017\gemm\view\src\mmult_4x4_15.c(155): error C2088: “*”: 对于 struct 非法
e:\workspace2\vs2017\gemm\view\src\mmult_4x4_15.c(156): error C2088: “*”: 对于 struct 非法
e:\workspace2\vs2017\gemm\view\src\mmult_4x4_15.c(157): error C2088: “*”: 对于 struct 非法
e:\workspace2\vs2017\gemm\view\src\mmult_4x4_15.c(158): error C2088: “*”: 对于 struct 非法
e:\workspace2\vs2017\gemm\view\src\mmult_4x4_15.c(161): error C2088: “*”: 对于 struct 非法
e:\workspace2\vs2017\gemm\view\src\mmult_4x4_15.c(162): error C2088: “*”: 对于 struct 非法
e:\workspace2\vs2017\gemm\view\src\mmult_4x4_15.c(163): error C2088: “*”: 对于 struct 非法
e:\workspace2\vs2017\gemm\view\src\mmult_4x4_15.c(164): error C2088: “*”: 对于 struct 非法
  MMult_4x4_3.c
e:\workspace2\vs2017\gemm\view\src\mmult_4x4_3.c(23): warning C4013: “AddDot4x4”未定义；假设外部返回 int
e:\workspace2\vs2017\gemm\view\src\mmult_4x4_3.c(29): error C2371: “AddDot4x4”: 重定义；不同的基类型
  MMult_4x4_4.c
