e:\workspace2\vs2017\gemm\gemmsamp\release\vc141.pdb
e:\workspace2\vs2017\gemm\gemmsamp\release\utils.obj
e:\workspace2\vs2017\gemm\gemmsamp\release\timer.obj
e:\workspace2\vs2017\gemm\gemmsamp\release\gemmsamp.obj
e:\workspace2\vs2017\gemm\gemmsamp\release\gemm.obj
e:\workspace2\vs2017\gemm\gemmsamp\release\mmult_1x4_3.obj
e:\workspace2\vs2017\gemm\gemmsamp\release\mmult1.obj
e:\workspace2\vs2017\gemm\gemmsamp\release\mmult2.obj
e:\workspace2\vs2017\gemm\gemmsamp\release\mmult_1x4_4.obj
e:\workspace2\vs2017\gemm\gemmsamp\release\mmult_1x4_5.obj
e:\workspace2\vs2017\gemm\gemmsamp\release\mmult_1x4_6.obj
e:\workspace2\vs2017\gemm\release\gemmsamp.ipdb
e:\workspace2\vs2017\gemm\release\gemmsamp.iobj
e:\workspace2\vs2017\gemm\release\gemmsamp.exe
e:\workspace2\vs2017\gemm\release\gemmsamp.pdb
e:\workspace2\vs2017\gemm\gemmsamp\release\gemmsamp.tlog\cl.command.1.tlog
e:\workspace2\vs2017\gemm\gemmsamp\release\gemmsamp.tlog\cl.read.1.tlog
e:\workspace2\vs2017\gemm\gemmsamp\release\gemmsamp.tlog\cl.write.1.tlog
e:\workspace2\vs2017\gemm\gemmsamp\release\gemmsamp.tlog\gemmsamp.write.1u.tlog
e:\workspace2\vs2017\gemm\gemmsamp\release\gemmsamp.tlog\link.command.1.tlog
e:\workspace2\vs2017\gemm\gemmsamp\release\gemmsamp.tlog\link.read.1.tlog
e:\workspace2\vs2017\gemm\gemmsamp\release\gemmsamp.tlog\link.write.1.tlog
